开始训练多输出 SVR 模型...
  训练第 1/16100 个目标...
  训练第 2/16100 个目标...
  训练第 3/16100 个目标...
  训练第 4/16100 个目标...
  训练第 5/16100 个目标...
  训练第 6/16100 个目标...
  训练第 7/16100 个目标...
  训练第 8/16100 个目标...
  训练第 9/16100 个目标...
  训练第 10/16100 个目标...
  训练第 11/16100 个目标...
  训练第 12/16100 个目标...
  训练第 13/16100 个目标...
  训练第 14/16100 个目标...
  训练第 15/16100 个目标...
  训练第 16/16100 个目标...
  训练第 17/16100 个目标...
  训练第 18/16100 个目标...
  训练第 19/16100 个目标...
  训练第 20/16100 个目标...
  训练第 21/16100 个目标...
  训练第 22/16100 个目标...
  训练第 23/16100 个目标...
  训练第 24/16100 个目标...
  训练第 25/16100 个目标...
  训练第 26/16100 个目标...
  训练第 27/16100 个目标...
  训练第 28/16100 个目标...
  训练第 29/16100 个目标...
  训练第 30/16100 个目标...
  训练第 31/16100 个目标...
  训练第 32/16100 个目标...
  训练第 33/16100 个目标...
  训练第 34/16100 个目标...
  训练第 35/16100 个目标...
  训练第 36/16100 个目标...
  训练第 37/16100 个目标...
  训练第 38/16100 个目标...
  训练第 39/16100 个目标...
  训练第 40/16100 个目标...
  训练第 41/16100 个目标...
  训练第 42/16100 个目标...
  训练第 43/16100 个目标...
  训练第 44/16100 个目标...
  训练第 45/16100 个目标...
  训练第 46/16100 个目标...
  训练第 47/16100 个目标...
  训练第 48/16100 个目标...
  训练第 49/16100 个目标...
  训练第 50/16100 个目标...
  训练第 51/16100 个目标...
  训练第 52/16100 个目标...
  训练第 53/16100 个目标...
  训练第 54/16100 个目标...
  训练第 55/16100 个目标...
  训练第 56/16100 个目标...
  训练第 57/16100 个目标...
  训练第 58/16100 个目标...
  训练第 59/16100 个目标...
  训练第 60/16100 个目标...
  训练第 61/16100 个目标...
  训练第 62/16100 个目标...
  训练第 63/16100 个目标...
  训练第 64/16100 个目标...
  训练第 65/16100 个目标...
  训练第 66/16100 个目标...
  训练第 67/16100 个目标...
  训练第 68/16100 个目标...
  训练第 69/16100 个目标...
  训练第 70/16100 个目标...
  训练第 71/16100 个目标...
  训练第 72/16100 个目标...
  训练第 73/16100 个目标...
  训练第 74/16100 个目标...
  训练第 75/16100 个目标...
  训练第 76/16100 个目标...
  训练第 77/16100 个目标...
  训练第 78/16100 个目标...
  训练第 79/16100 个目标...
  训练第 80/16100 个目标...
  训练第 81/16100 个目标...
  训练第 82/16100 个目标...
  训练第 83/16100 个目标...
  训练第 84/16100 个目标...
  训练第 85/16100 个目标...
  训练第 86/16100 个目标...
  训练第 87/16100 个目标...
  训练第 88/16100 个目标...
  训练第 89/16100 个目标...
  训练第 90/16100 个目标...
  训练第 91/16100 个目标...
  训练第 92/16100 个目标...
  训练第 93/16100 个目标...
  训练第 94/16100 个目标...
  训练第 95/16100 个目标...
  训练第 96/16100 个目标...
  训练第 97/16100 个目标...
  训练第 98/16100 个目标...
  训练第 99/16100 个目标...
  训练第 100/16100 个目标...
  训练第 101/16100 个目标...
  训练第 102/16100 个目标...
  训练第 103/16100 个目标...
  训练第 104/16100 个目标...
  训练第 105/16100 个目标...
  训练第 106/16100 个目标...
  训练第 107/16100 个目标...
  训练第 108/16100 个目标...
  训练第 109/16100 个目标...
  训练第 110/16100 个目标...
  训练第 111/16100 个目标...
  训练第 112/16100 个目标...
  训练第 113/16100 个目标...
  训练第 114/16100 个目标...
  训练第 115/16100 个目标...
  训练第 116/16100 个目标...
  训练第 117/16100 个目标...
  训练第 118/16100 个目标...
  训练第 119/16100 个目标...
  训练第 120/16100 个目标...
  训练第 121/16100 个目标...
  训练第 122/16100 个目标...
  训练第 123/16100 个目标...
  训练第 124/16100 个目标...
  训练第 125/16100 个目标...
  训练第 126/16100 个目标...
  训练第 127/16100 个目标...
  训练第 128/16100 个目标...
  训练第 129/16100 个目标...
  训练第 130/16100 个目标...
  训练第 131/16100 个目标...
  训练第 132/16100 个目标...
  训练第 133/16100 个目标...
  训练第 134/16100 个目标...
  训练第 135/16100 个目标...
  训练第 136/16100 个目标...
  训练第 137/16100 个目标...
  训练第 138/16100 个目标...
  训练第 139/16100 个目标...
  训练第 140/16100 个目标...
  训练第 141/16100 个目标...
  训练第 142/16100 个目标...
  训练第 143/16100 个目标...
  训练第 144/16100 个目标...
  训练第 145/16100 个目标...
  训练第 146/16100 个目标...
  训练第 147/16100 个目标...
  训练第 148/16100 个目标...
  训练第 149/16100 个目标...
  训练第 150/16100 个目标...
  训练第 151/16100 个目标...
  训练第 152/16100 个目标...
  训练第 153/16100 个目标...
  训练第 154/16100 个目标...
  训练第 155/16100 个目标...
  训练第 156/16100 个目标...
  训练第 157/16100 个目标...
  训练第 158/16100 个目标...
  训练第 159/16100 个目标...
  训练第 160/16100 个目标...
  训练第 161/16100 个目标...
  训练第 162/16100 个目标...
  训练第 163/16100 个目标...
  训练第 164/16100 个目标...
  训练第 165/16100 个目标...
  训练第 166/16100 个目标...
  训练第 167/16100 个目标...
  训练第 168/16100 个目标...
  训练第 169/16100 个目标...
  训练第 170/16100 个目标...
  训练第 171/16100 个目标...
  训练第 172/16100 个目标...
  训练第 173/16100 个目标...
  训练第 174/16100 个目标...
  训练第 175/16100 个目标...
  训练第 176/16100 个目标...
  训练第 177/16100 个目标...
  训练第 178/16100 个目标...
  训练第 179/16100 个目标...
  训练第 180/16100 个目标...
  训练第 181/16100 个目标...
  训练第 182/16100 个目标...
  训练第 183/16100 个目标...
  训练第 184/16100 个目标...
  训练第 185/16100 个目标...
  训练第 186/16100 个目标...
  训练第 187/16100 个目标...
  训练第 188/16100 个目标...
  训练第 189/16100 个目标...
  训练第 190/16100 个目标...
  训练第 191/16100 个目标...
  训练第 192/16100 个目标...
  训练第 193/16100 个目标...
  训练第 194/16100 个目标...
  训练第 195/16100 个目标...
  训练第 196/16100 个目标...
  训练第 197/16100 个目标...
  训练第 198/16100 个目标...
  训练第 199/16100 个目标...
  训练第 200/16100 个目标...
  训练第 201/16100 个目标...
  训练第 202/16100 个目标...
  训练第 203/16100 个目标...
  训练第 204/16100 个目标...
  训练第 205/16100 个目标...
  训练第 206/16100 个目标...
  训练第 207/16100 个目标...
  训练第 208/16100 个目标...
  训练第 209/16100 个目标...
  训练第 210/16100 个目标...
  训练第 211/16100 个目标...
  训练第 212/16100 个目标...
  训练第 213/16100 个目标...
  训练第 214/16100 个目标...
  训练第 215/16100 个目标...
  训练第 216/16100 个目标...
  训练第 217/16100 个目标...
  训练第 218/16100 个目标...
  训练第 219/16100 个目标...
  训练第 220/16100 个目标...
  训练第 221/16100 个目标...
  训练第 222/16100 个目标...
  训练第 223/16100 个目标...
  训练第 224/16100 个目标...
  训练第 225/16100 个目标...
  训练第 226/16100 个目标...
  训练第 227/16100 个目标...
  训练第 228/16100 个目标...
  训练第 229/16100 个目标...
  训练第 230/16100 个目标...
  训练第 231/16100 个目标...
  训练第 232/16100 个目标...
  训练第 233/16100 个目标...
  训练第 234/16100 个目标...
  训练第 235/16100 个目标...
  训练第 236/16100 个目标...
  训练第 237/16100 个目标...
  训练第 238/16100 个目标...
  训练第 239/16100 个目标...
  训练第 240/16100 个目标...
  训练第 241/16100 个目标...
  训练第 242/16100 个目标...
  训练第 243/16100 个目标...
  训练第 244/16100 个目标...
  训练第 245/16100 个目标...
  训练第 246/16100 个目标...
  训练第 247/16100 个目标...
  训练第 248/16100 个目标...
  训练第 249/16100 个目标...
  训练第 250/16100 个目标...
  训练第 251/16100 个目标...
  训练第 252/16100 个目标...
  训练第 253/16100 个目标...
  训练第 254/16100 个目标...
  训练第 255/16100 个目标...
  训练第 256/16100 个目标...
  训练第 257/16100 个目标...
  训练第 258/16100 个目标...
  训练第 259/16100 个目标...
  训练第 260/16100 个目标...
  训练第 261/16100 个目标...
  训练第 262/16100 个目标...
  训练第 263/16100 个目标...
  训练第 264/16100 个目标...
  训练第 265/16100 个目标...
  训练第 266/16100 个目标...
  训练第 267/16100 个目标...
  训练第 268/16100 个目标...
  训练第 269/16100 个目标...
  训练第 270/16100 个目标...
  训练第 271/16100 个目标...
  训练第 272/16100 个目标...
  训练第 273/16100 个目标...
  训练第 274/16100 个目标...
  训练第 275/16100 个目标...
  训练第 276/16100 个目标...
  训练第 277/16100 个目标...
  训练第 278/16100 个目标...
  训练第 279/16100 个目标...
  训练第 280/16100 个目标...
  训练第 281/16100 个目标...
  训练第 282/16100 个目标...
  训练第 283/16100 个目标...
  训练第 284/16100 个目标...
  训练第 285/16100 个目标...
  训练第 286/16100 个目标...
  训练第 287/16100 个目标...
  训练第 288/16100 个目标...
  训练第 289/16100 个目标...
  训练第 290/16100 个目标...
  训练第 291/16100 个目标...
  训练第 292/16100 个目标...
  训练第 293/16100 个目标...
  训练第 294/16100 个目标...
  训练第 295/16100 个目标...
  训练第 296/16100 个目标...
  训练第 297/16100 个目标...
  训练第 298/16100 个目标...
  训练第 299/16100 个目标...
  训练第 300/16100 个目标...
  训练第 301/16100 个目标...
  训练第 302/16100 个目标...
  训练第 303/16100 个目标...
  训练第 304/16100 个目标...
  训练第 305/16100 个目标...
  训练第 306/16100 个目标...
  训练第 307/16100 个目标...
  训练第 308/16100 个目标...
  训练第 309/16100 个目标...
  训练第 310/16100 个目标...
  训练第 311/16100 个目标...
  训练第 312/16100 个目标...
  训练第 313/16100 个目标...
  训练第 314/16100 个目标...
  训练第 315/16100 个目标...
  训练第 316/16100 个目标...
  训练第 317/16100 个目标...
  训练第 318/16100 个目标...
  训练第 319/16100 个目标...
  训练第 320/16100 个目标...
  训练第 321/16100 个目标...
  训练第 322/16100 个目标...
  训练第 323/16100 个目标...
  训练第 324/16100 个目标...
  训练第 325/16100 个目标...
  训练第 326/16100 个目标...
  训练第 327/16100 个目标...
  训练第 328/16100 个目标...
  训练第 329/16100 个目标...
  训练第 330/16100 个目标...
  训练第 331/16100 个目标...
  训练第 332/16100 个目标...
  训练第 333/16100 个目标...
  训练第 334/16100 个目标...
  训练第 335/16100 个目标...
  训练第 336/16100 个目标...
  训练第 337/16100 个目标...
  训练第 338/16100 个目标...
  训练第 339/16100 个目标...
  训练第 340/16100 个目标...
  训练第 341/16100 个目标...
  训练第 342/16100 个目标...
  训练第 343/16100 个目标...
  训练第 344/16100 个目标...
  训练第 345/16100 个目标...
  训练第 346/16100 个目标...
  训练第 347/16100 个目标...
  训练第 348/16100 个目标...
  训练第 349/16100 个目标...
  训练第 350/16100 个目标...
  训练第 351/16100 个目标...
  训练第 352/16100 个目标...
  训练第 353/16100 个目标...
  训练第 354/16100 个目标...
  训练第 355/16100 个目标...
  训练第 356/16100 个目标...
  训练第 357/16100 个目标...
  训练第 358/16100 个目标...
  训练第 359/16100 个目标...
  训练第 360/16100 个目标...
  训练第 361/16100 个目标...
  训练第 362/16100 个目标...
  训练第 363/16100 个目标...
  训练第 364/16100 个目标...
  训练第 365/16100 个目标...
  训练第 366/16100 个目标...
  训练第 367/16100 个目标...
  训练第 368/16100 个目标...
  训练第 369/16100 个目标...
  训练第 370/16100 个目标...
  训练第 371/16100 个目标...
  训练第 372/16100 个目标...
  训练第 373/16100 个目标...
  训练第 374/16100 个目标...
  训练第 375/16100 个目标...
  训练第 376/16100 个目标...
  训练第 377/16100 个目标...
  训练第 378/16100 个目标...
  训练第 379/16100 个目标...
  训练第 380/16100 个目标...
  训练第 381/16100 个目标...
  训练第 382/16100 个目标...
  训练第 383/16100 个目标...
  训练第 384/16100 个目标...
  训练第 385/16100 个目标...
  训练第 386/16100 个目标...
  训练第 387/16100 个目标...
  训练第 388/16100 个目标...
  训练第 389/16100 个目标...
  训练第 390/16100 个目标...
  训练第 391/16100 个目标...
  训练第 392/16100 个目标...
  训练第 393/16100 个目标...
  训练第 394/16100 个目标...
  训练第 395/16100 个目标...
  训练第 396/16100 个目标...
  训练第 397/16100 个目标...
  训练第 398/16100 个目标...
  训练第 399/16100 个目标...
  训练第 400/16100 个目标...
  训练第 401/16100 个目标...
  训练第 402/16100 个目标...
  训练第 403/16100 个目标...
  训练第 404/16100 个目标...
  训练第 405/16100 个目标...
  训练第 406/16100 个目标...
  训练第 407/16100 个目标...
  训练第 408/16100 个目标...
  训练第 409/16100 个目标...
  训练第 410/16100 个目标...
  训练第 411/16100 个目标...
  训练第 412/16100 个目标...
  训练第 413/16100 个目标...
  训练第 414/16100 个目标...
  训练第 415/16100 个目标...
  训练第 416/16100 个目标...
  训练第 417/16100 个目标...
  训练第 418/16100 个目标...
  训练第 419/16100 个目标...
  训练第 420/16100 个目标...
  训练第 421/16100 个目标...
  训练第 422/16100 个目标...
  训练第 423/16100 个目标...
  训练第 424/16100 个目标...
  训练第 425/16100 个目标...
  训练第 426/16100 个目标...
  训练第 427/16100 个目标...
  训练第 428/16100 个目标...
  训练第 429/16100 个目标...
  训练第 430/16100 个目标...
  训练第 431/16100 个目标...
  训练第 432/16100 个目标...
  训练第 433/16100 个目标...
  训练第 434/16100 个目标...
  训练第 435/16100 个目标...
  训练第 436/16100 个目标...
  训练第 437/16100 个目标...
  训练第 438/16100 个目标...
  训练第 439/16100 个目标...
  训练第 440/16100 个目标...
  训练第 441/16100 个目标...
  训练第 442/16100 个目标...
  训练第 443/16100 个目标...
  训练第 444/16100 个目标...
  训练第 445/16100 个目标...
  训练第 446/16100 个目标...
  训练第 447/16100 个目标...
  训练第 448/16100 个目标...
  训练第 449/16100 个目标...
  训练第 450/16100 个目标...
  训练第 451/16100 个目标...
  训练第 452/16100 个目标...
  训练第 453/16100 个目标...
  训练第 454/16100 个目标...
  训练第 455/16100 个目标...
  训练第 456/16100 个目标...
  训练第 457/16100 个目标...
  训练第 458/16100 个目标...
  训练第 459/16100 个目标...
  训练第 460/16100 个目标...
  训练第 461/16100 个目标...
  训练第 462/16100 个目标...
  训练第 463/16100 个目标...
  训练第 464/16100 个目标...
  训练第 465/16100 个目标...
  训练第 466/16100 个目标...
  训练第 467/16100 个目标...
  训练第 468/16100 个目标...
  训练第 469/16100 个目标...
  训练第 470/16100 个目标...
  训练第 471/16100 个目标...
  训练第 472/16100 个目标...
  训练第 473/16100 个目标...
  训练第 474/16100 个目标...
  训练第 475/16100 个目标...
  训练第 476/16100 个目标...
  训练第 477/16100 个目标...
  训练第 478/16100 个目标...
  训练第 479/16100 个目标...
  训练第 480/16100 个目标...
  训练第 481/16100 个目标...
  训练第 482/16100 个目标...
  训练第 483/16100 个目标...
  训练第 484/16100 个目标...
  训练第 485/16100 个目标...
  训练第 486/16100 个目标...
  训练第 487/16100 个目标...
  训练第 488/16100 个目标...
  训练第 489/16100 个目标...
  训练第 490/16100 个目标...
  训练第 491/16100 个目标...
  训练第 492/16100 个目标...
  训练第 493/16100 个目标...
  训练第 494/16100 个目标...
  训练第 495/16100 个目标...
  训练第 496/16100 个目标...
  训练第 497/16100 个目标...
  训练第 498/16100 个目标...
  训练第 499/16100 个目标...
  训练第 500/16100 个目标...
  训练第 501/16100 个目标...
  训练第 502/16100 个目标...
  训练第 503/16100 个目标...
  训练第 504/16100 个目标...
  训练第 505/16100 个目标...
  训练第 506/16100 个目标...
  训练第 507/16100 个目标...
  训练第 508/16100 个目标...
  训练第 509/16100 个目标...
  训练第 510/16100 个目标...
  训练第 511/16100 个目标...
  训练第 512/16100 个目标...
  训练第 513/16100 个目标...
  训练第 514/16100 个目标...
  训练第 515/16100 个目标...
  训练第 516/16100 个目标...
  训练第 517/16100 个目标...
  训练第 518/16100 个目标...
  训练第 519/16100 个目标...
  训练第 520/16100 个目标...
  训练第 521/16100 个目标...
  训练第 522/16100 个目标...
  训练第 523/16100 个目标...
  训练第 524/16100 个目标...
  训练第 525/16100 个目标...
  训练第 526/16100 个目标...
  训练第 527/16100 个目标...
  训练第 528/16100 个目标...
  训练第 529/16100 个目标...
  训练第 530/16100 个目标...
  训练第 531/16100 个目标...
  训练第 532/16100 个目标...
  训练第 533/16100 个目标...
  训练第 534/16100 个目标...
  训练第 535/16100 个目标...
  训练第 536/16100 个目标...
  训练第 537/16100 个目标...
  训练第 538/16100 个目标...
  训练第 539/16100 个目标...
  训练第 540/16100 个目标...
  训练第 541/16100 个目标...
  训练第 542/16100 个目标...
  训练第 543/16100 个目标...
  训练第 544/16100 个目标...
  训练第 545/16100 个目标...
  训练第 546/16100 个目标...
  训练第 547/16100 个目标...
  训练第 548/16100 个目标...
  训练第 549/16100 个目标...
  训练第 550/16100 个目标...
  训练第 551/16100 个目标...
  训练第 552/16100 个目标...
  训练第 553/16100 个目标...
  训练第 554/16100 个目标...
  训练第 555/16100 个目标...
  训练第 556/16100 个目标...
  训练第 557/16100 个目标...
  训练第 558/16100 个目标...
  训练第 559/16100 个目标...
  训练第 560/16100 个目标...
  训练第 561/16100 个目标...
  训练第 562/16100 个目标...
  训练第 563/16100 个目标...
  训练第 564/16100 个目标...
  训练第 565/16100 个目标...
  训练第 566/16100 个目标...
  训练第 567/16100 个目标...
  训练第 568/16100 个目标...
  训练第 569/16100 个目标...
  训练第 570/16100 个目标...
  训练第 571/16100 个目标...
  训练第 572/16100 个目标...
  训练第 573/16100 个目标...
  训练第 574/16100 个目标...
  训练第 575/16100 个目标...
  训练第 576/16100 个目标...
  训练第 577/16100 个目标...
  训练第 578/16100 个目标...
  训练第 579/16100 个目标...
  训练第 580/16100 个目标...
  训练第 581/16100 个目标...
  训练第 582/16100 个目标...
  训练第 583/16100 个目标...
  训练第 584/16100 个目标...
  训练第 585/16100 个目标...
  训练第 586/16100 个目标...
  训练第 587/16100 个目标...
  训练第 588/16100 个目标...
  训练第 589/16100 个目标...
  训练第 590/16100 个目标...
  训练第 591/16100 个目标...
  训练第 592/16100 个目标...
  训练第 593/16100 个目标...
  训练第 594/16100 个目标...
  训练第 595/16100 个目标...
  训练第 596/16100 个目标...
  训练第 597/16100 个目标...
  训练第 598/16100 个目标...
  训练第 599/16100 个目标...
  训练第 600/16100 个目标...
  训练第 601/16100 个目标...
  训练第 602/16100 个目标...
  训练第 603/16100 个目标...
  训练第 604/16100 个目标...
  训练第 605/16100 个目标...
  训练第 606/16100 个目标...
  训练第 607/16100 个目标...
  训练第 608/16100 个目标...
  训练第 609/16100 个目标...
  训练第 610/16100 个目标...
  训练第 611/16100 个目标...
  训练第 612/16100 个目标...
  训练第 613/16100 个目标...
  训练第 614/16100 个目标...
  训练第 615/16100 个目标...
  训练第 616/16100 个目标...
  训练第 617/16100 个目标...
  训练第 618/16100 个目标...
  训练第 619/16100 个目标...
  训练第 620/16100 个目标...
  训练第 621/16100 个目标...
  训练第 622/16100 个目标...
  训练第 623/16100 个目标...
  训练第 624/16100 个目标...
  训练第 625/16100 个目标...
  训练第 626/16100 个目标...
  训练第 627/16100 个目标...
  训练第 628/16100 个目标...
  训练第 629/16100 个目标...
  训练第 630/16100 个目标...
  训练第 631/16100 个目标...
  训练第 632/16100 个目标...
  训练第 633/16100 个目标...
  训练第 634/16100 个目标...
  训练第 635/16100 个目标...
  训练第 636/16100 个目标...
  训练第 637/16100 个目标...
  训练第 638/16100 个目标...
  训练第 639/16100 个目标...
  训练第 640/16100 个目标...
  训练第 641/16100 个目标...
  训练第 642/16100 个目标...
  训练第 643/16100 个目标...
  训练第 644/16100 个目标...
  训练第 645/16100 个目标...
  训练第 646/16100 个目标...
  训练第 647/16100 个目标...
  训练第 648/16100 个目标...
  训练第 649/16100 个目标...
  训练第 650/16100 个目标...
  训练第 651/16100 个目标...
  训练第 652/16100 个目标...
  训练第 653/16100 个目标...
  训练第 654/16100 个目标...
  训练第 655/16100 个目标...
  训练第 656/16100 个目标...
  训练第 657/16100 个目标...
  训练第 658/16100 个目标...
  训练第 659/16100 个目标...
  训练第 660/16100 个目标...
  训练第 661/16100 个目标...
  训练第 662/16100 个目标...
  训练第 663/16100 个目标...
  训练第 664/16100 个目标...
  训练第 665/16100 个目标...
  训练第 666/16100 个目标...
  训练第 667/16100 个目标...
  训练第 668/16100 个目标...
  训练第 669/16100 个目标...
  训练第 670/16100 个目标...
  训练第 671/16100 个目标...
  训练第 672/16100 个目标...
  训练第 673/16100 个目标...
  训练第 674/16100 个目标...
  训练第 675/16100 个目标...
  训练第 676/16100 个目标...
  训练第 677/16100 个目标...
  训练第 678/16100 个目标...
  训练第 679/16100 个目标...
  训练第 680/16100 个目标...
  训练第 681/16100 个目标...
  训练第 682/16100 个目标...
  训练第 683/16100 个目标...
  训练第 684/16100 个目标...
  训练第 685/16100 个目标...
  训练第 686/16100 个目标...
  训练第 687/16100 个目标...
  训练第 688/16100 个目标...
  训练第 689/16100 个目标...
  训练第 690/16100 个目标...
  训练第 691/16100 个目标...
  训练第 692/16100 个目标...
  训练第 693/16100 个目标...
  训练第 694/16100 个目标...
  训练第 695/16100 个目标...
  训练第 696/16100 个目标...
  训练第 697/16100 个目标...
  训练第 698/16100 个目标...
  训练第 699/16100 个目标...
  训练第 700/16100 个目标...
  训练第 701/16100 个目标...
  训练第 702/16100 个目标...
  训练第 703/16100 个目标...
  训练第 704/16100 个目标...
  训练第 705/16100 个目标...
  训练第 706/16100 个目标...
  训练第 707/16100 个目标...
  训练第 708/16100 个目标...
  训练第 709/16100 个目标...
  训练第 710/16100 个目标...
  训练第 711/16100 个目标...
  训练第 712/16100 个目标...
  训练第 713/16100 个目标...
  训练第 714/16100 个目标...
  训练第 715/16100 个目标...
  训练第 716/16100 个目标...
  训练第 717/16100 个目标...
  训练第 718/16100 个目标...
  训练第 719/16100 个目标...
  训练第 720/16100 个目标...
  训练第 721/16100 个目标...
  训练第 722/16100 个目标...
  训练第 723/16100 个目标...
  训练第 724/16100 个目标...
  训练第 725/16100 个目标...
  训练第 726/16100 个目标...
  训练第 727/16100 个目标...
  训练第 728/16100 个目标...
  训练第 729/16100 个目标...
  训练第 730/16100 个目标...
  训练第 731/16100 个目标...
  训练第 732/16100 个目标...
  训练第 733/16100 个目标...
  训练第 734/16100 个目标...
  训练第 735/16100 个目标...
  训练第 736/16100 个目标...
  训练第 737/16100 个目标...
  训练第 738/16100 个目标...
  训练第 739/16100 个目标...
  训练第 740/16100 个目标...
  训练第 741/16100 个目标...
  训练第 742/16100 个目标...
  训练第 743/16100 个目标...
  训练第 744/16100 个目标...
  训练第 745/16100 个目标...
  训练第 746/16100 个目标...
  训练第 747/16100 个目标...
  训练第 748/16100 个目标...
  训练第 749/16100 个目标...
  训练第 750/16100 个目标...
  训练第 751/16100 个目标...
  训练第 752/16100 个目标...
  训练第 753/16100 个目标...
  训练第 754/16100 个目标...
  训练第 755/16100 个目标...
  训练第 756/16100 个目标...
  训练第 757/16100 个目标...
  训练第 758/16100 个目标...
  训练第 759/16100 个目标...
  训练第 760/16100 个目标...
  训练第 761/16100 个目标...
  训练第 762/16100 个目标...
  训练第 763/16100 个目标...
  训练第 764/16100 个目标...
  训练第 765/16100 个目标...
  训练第 766/16100 个目标...
  训练第 767/16100 个目标...
  训练第 768/16100 个目标...
  训练第 769/16100 个目标...
  训练第 770/16100 个目标...
  训练第 771/16100 个目标...
  训练第 772/16100 个目标...
  训练第 773/16100 个目标...
  训练第 774/16100 个目标...
  训练第 775/16100 个目标...
  训练第 776/16100 个目标...
  训练第 777/16100 个目标...
  训练第 778/16100 个目标...
  训练第 779/16100 个目标...
  训练第 780/16100 个目标...
  训练第 781/16100 个目标...
  训练第 782/16100 个目标...
  训练第 783/16100 个目标...
  训练第 784/16100 个目标...
  训练第 785/16100 个目标...
  训练第 786/16100 个目标...
  训练第 787/16100 个目标...
  训练第 788/16100 个目标...
  训练第 789/16100 个目标...
  训练第 790/16100 个目标...
  训练第 791/16100 个目标...
  训练第 792/16100 个目标...
  训练第 793/16100 个目标...
  训练第 794/16100 个目标...
  训练第 795/16100 个目标...
  训练第 796/16100 个目标...
  训练第 797/16100 个目标...
  训练第 798/16100 个目标...
  训练第 799/16100 个目标...
  训练第 800/16100 个目标...
  训练第 801/16100 个目标...
  训练第 802/16100 个目标...
  训练第 803/16100 个目标...
  训练第 804/16100 个目标...
  训练第 805/16100 个目标...
  训练第 806/16100 个目标...
  训练第 807/16100 个目标...
  训练第 808/16100 个目标...
  训练第 809/16100 个目标...
  训练第 810/16100 个目标...
  训练第 811/16100 个目标...
  训练第 812/16100 个目标...
  训练第 813/16100 个目标...
  训练第 814/16100 个目标...
  训练第 815/16100 个目标...
  训练第 816/16100 个目标...
  训练第 817/16100 个目标...
  训练第 818/16100 个目标...
  训练第 819/16100 个目标...
  训练第 820/16100 个目标...
  训练第 821/16100 个目标...
  训练第 822/16100 个目标...
  训练第 823/16100 个目标...
  训练第 824/16100 个目标...
  训练第 825/16100 个目标...
  训练第 826/16100 个目标...
  训练第 827/16100 个目标...
  训练第 828/16100 个目标...
  训练第 829/16100 个目标...
  训练第 830/16100 个目标...
  训练第 831/16100 个目标...
  训练第 832/16100 个目标...
  训练第 833/16100 个目标...
  训练第 834/16100 个目标...
  训练第 835/16100 个目标...
  训练第 836/16100 个目标...
  训练第 837/16100 个目标...
  训练第 838/16100 个目标...
  训练第 839/16100 个目标...
  训练第 840/16100 个目标...
  训练第 841/16100 个目标...
  训练第 842/16100 个目标...
  训练第 843/16100 个目标...
  训练第 844/16100 个目标...
  训练第 845/16100 个目标...
  训练第 846/16100 个目标...
  训练第 847/16100 个目标...
  训练第 848/16100 个目标...
  训练第 849/16100 个目标...
  训练第 850/16100 个目标...
  训练第 851/16100 个目标...
  训练第 852/16100 个目标...
  训练第 853/16100 个目标...
  训练第 854/16100 个目标...
  训练第 855/16100 个目标...
  训练第 856/16100 个目标...
  训练第 857/16100 个目标...
  训练第 858/16100 个目标...
  训练第 859/16100 个目标...
  训练第 860/16100 个目标...
  训练第 861/16100 个目标...
  训练第 862/16100 个目标...
  训练第 863/16100 个目标...
  训练第 864/16100 个目标...
  训练第 865/16100 个目标...
  训练第 866/16100 个目标...
  训练第 867/16100 个目标...
  训练第 868/16100 个目标...
  训练第 869/16100 个目标...
  训练第 870/16100 个目标...
  训练第 871/16100 个目标...
  训练第 872/16100 个目标...
  训练第 873/16100 个目标...
  训练第 874/16100 个目标...
  训练第 875/16100 个目标...
  训练第 876/16100 个目标...
  训练第 877/16100 个目标...
  训练第 878/16100 个目标...
  训练第 879/16100 个目标...
  训练第 880/16100 个目标...
  训练第 881/16100 个目标...
  训练第 882/16100 个目标...
  训练第 883/16100 个目标...
  训练第 884/16100 个目标...
  训练第 885/16100 个目标...
  训练第 886/16100 个目标...
  训练第 887/16100 个目标...
  训练第 888/16100 个目标...
  训练第 889/16100 个目标...
  训练第 890/16100 个目标...
  训练第 891/16100 个目标...
  训练第 892/16100 个目标...
  训练第 893/16100 个目标...
  训练第 894/16100 个目标...
  训练第 895/16100 个目标...
  训练第 896/16100 个目标...
  训练第 897/16100 个目标...
  训练第 898/16100 个目标...
  训练第 899/16100 个目标...
  训练第 900/16100 个目标...
  训练第 901/16100 个目标...
  训练第 902/16100 个目标...
  训练第 903/16100 个目标...
  训练第 904/16100 个目标...
  训练第 905/16100 个目标...
  训练第 906/16100 个目标...
  训练第 907/16100 个目标...
  训练第 908/16100 个目标...
  训练第 909/16100 个目标...
  训练第 910/16100 个目标...
  训练第 911/16100 个目标...
  训练第 912/16100 个目标...
  训练第 913/16100 个目标...
  训练第 914/16100 个目标...
  训练第 915/16100 个目标...
  训练第 916/16100 个目标...
  训练第 917/16100 个目标...
  训练第 918/16100 个目标...
  训练第 919/16100 个目标...
  训练第 920/16100 个目标...
  训练第 921/16100 个目标...
  训练第 922/16100 个目标...
  训练第 923/16100 个目标...
  训练第 924/16100 个目标...
  训练第 925/16100 个目标...
  训练第 926/16100 个目标...
  训练第 927/16100 个目标...
  训练第 928/16100 个目标...
  训练第 929/16100 个目标...
  训练第 930/16100 个目标...
  训练第 931/16100 个目标...
  训练第 932/16100 个目标...
  训练第 933/16100 个目标...
  训练第 934/16100 个目标...
  训练第 935/16100 个目标...
  训练第 936/16100 个目标...
  训练第 937/16100 个目标...
  训练第 938/16100 个目标...
  训练第 939/16100 个目标...
  训练第 940/16100 个目标...
  训练第 941/16100 个目标...
  训练第 942/16100 个目标...
  训练第 943/16100 个目标...
  训练第 944/16100 个目标...
  训练第 945/16100 个目标...
  训练第 946/16100 个目标...
  训练第 947/16100 个目标...
  训练第 948/16100 个目标...
  训练第 949/16100 个目标...
  训练第 950/16100 个目标...
  训练第 951/16100 个目标...
  训练第 952/16100 个目标...
  训练第 953/16100 个目标...
  训练第 954/16100 个目标...
  训练第 955/16100 个目标...
  训练第 956/16100 个目标...
  训练第 957/16100 个目标...
  训练第 958/16100 个目标...
  训练第 959/16100 个目标...
  训练第 960/16100 个目标...
  训练第 961/16100 个目标...
  训练第 962/16100 个目标...
  训练第 963/16100 个目标...
  训练第 964/16100 个目标...
  训练第 965/16100 个目标...
  训练第 966/16100 个目标...
  训练第 967/16100 个目标...
  训练第 968/16100 个目标...
  训练第 969/16100 个目标...
  训练第 970/16100 个目标...
  训练第 971/16100 个目标...
  训练第 972/16100 个目标...
  训练第 973/16100 个目标...
  训练第 974/16100 个目标...
  训练第 975/16100 个目标...
  训练第 976/16100 个目标...
  训练第 977/16100 个目标...
  训练第 978/16100 个目标...
  训练第 979/16100 个目标...
  训练第 980/16100 个目标...
  训练第 981/16100 个目标...
  训练第 982/16100 个目标...
  训练第 983/16100 个目标...
  训练第 984/16100 个目标...
  训练第 985/16100 个目标...
  训练第 986/16100 个目标...
  训练第 987/16100 个目标...
  训练第 988/16100 个目标...
  训练第 989/16100 个目标...
  训练第 990/16100 个目标...
  训练第 991/16100 个目标...
  训练第 992/16100 个目标...
  训练第 993/16100 个目标...
  训练第 994/16100 个目标...
  训练第 995/16100 个目标...
  训练第 996/16100 个目标...
  训练第 997/16100 个目标...
  训练第 998/16100 个目标...
  训练第 999/16100 个目标...
  训练第 1000/16100 个目标...
  训练第 1001/16100 个目标...
  训练第 1002/16100 个目标...
  训练第 1003/16100 个目标...
  训练第 1004/16100 个目标...
  训练第 1005/16100 个目标...
  训练第 1006/16100 个目标...
  训练第 1007/16100 个目标...
  训练第 1008/16100 个目标...
  训练第 1009/16100 个目标...
  训练第 1010/16100 个目标...
  训练第 1011/16100 个目标...
  训练第 1012/16100 个目标...
  训练第 1013/16100 个目标...
  训练第 1014/16100 个目标...
  训练第 1015/16100 个目标...
  训练第 1016/16100 个目标...
  训练第 1017/16100 个目标...
  训练第 1018/16100 个目标...
  训练第 1019/16100 个目标...
  训练第 1020/16100 个目标...
  训练第 1021/16100 个目标...
  训练第 1022/16100 个目标...
  训练第 1023/16100 个目标...
  训练第 1024/16100 个目标...
  训练第 1025/16100 个目标...
  训练第 1026/16100 个目标...
  训练第 1027/16100 个目标...
  训练第 1028/16100 个目标...
  训练第 1029/16100 个目标...
  训练第 1030/16100 个目标...
  训练第 1031/16100 个目标...
  训练第 1032/16100 个目标...
  训练第 1033/16100 个目标...
  训练第 1034/16100 个目标...
  训练第 1035/16100 个目标...
  训练第 1036/16100 个目标...
  训练第 1037/16100 个目标...
  训练第 1038/16100 个目标...
  训练第 1039/16100 个目标...
  训练第 1040/16100 个目标...
  训练第 1041/16100 个目标...
  训练第 1042/16100 个目标...
  训练第 1043/16100 个目标...
  训练第 1044/16100 个目标...
  训练第 1045/16100 个目标...
  训练第 1046/16100 个目标...
  训练第 1047/16100 个目标...
  训练第 1048/16100 个目标...
  训练第 1049/16100 个目标...
  训练第 1050/16100 个目标...
  训练第 1051/16100 个目标...
  训练第 1052/16100 个目标...
  训练第 1053/16100 个目标...
  训练第 1054/16100 个目标...
  训练第 1055/16100 个目标...
  训练第 1056/16100 个目标...
  训练第 1057/16100 个目标...
  训练第 1058/16100 个目标...
  训练第 1059/16100 个目标...
  训练第 1060/16100 个目标...
  训练第 1061/16100 个目标...
  训练第 1062/16100 个目标...
  训练第 1063/16100 个目标...
  训练第 1064/16100 个目标...
  训练第 1065/16100 个目标...
  训练第 1066/16100 个目标...
  训练第 1067/16100 个目标...
  训练第 1068/16100 个目标...
  训练第 1069/16100 个目标...
  训练第 1070/16100 个目标...
  训练第 1071/16100 个目标...
  训练第 1072/16100 个目标...
  训练第 1073/16100 个目标...
  训练第 1074/16100 个目标...
  训练第 1075/16100 个目标...
  训练第 1076/16100 个目标...
  训练第 1077/16100 个目标...
  训练第 1078/16100 个目标...
  训练第 1079/16100 个目标...
  训练第 1080/16100 个目标...
  训练第 1081/16100 个目标...
  训练第 1082/16100 个目标...
  训练第 1083/16100 个目标...
  训练第 1084/16100 个目标...
  训练第 1085/16100 个目标...
  训练第 1086/16100 个目标...
  训练第 1087/16100 个目标...
  训练第 1088/16100 个目标...
  训练第 1089/16100 个目标...
  训练第 1090/16100 个目标...
  训练第 1091/16100 个目标...
  训练第 1092/16100 个目标...
  训练第 1093/16100 个目标...
  训练第 1094/16100 个目标...
  训练第 1095/16100 个目标...
  训练第 1096/16100 个目标...
  训练第 1097/16100 个目标...
  训练第 1098/16100 个目标...
  训练第 1099/16100 个目标...
  训练第 1100/16100 个目标...
  训练第 1101/16100 个目标...
  训练第 1102/16100 个目标...
  训练第 1103/16100 个目标...
  训练第 1104/16100 个目标...
  训练第 1105/16100 个目标...
  训练第 1106/16100 个目标...
  训练第 1107/16100 个目标...
  训练第 1108/16100 个目标...
  训练第 1109/16100 个目标...
  训练第 1110/16100 个目标...
  训练第 1111/16100 个目标...
  训练第 1112/16100 个目标...
  训练第 1113/16100 个目标...
  训练第 1114/16100 个目标...
  训练第 1115/16100 个目标...
  训练第 1116/16100 个目标...
  训练第 1117/16100 个目标...
  训练第 1118/16100 个目标...
  训练第 1119/16100 个目标...
  训练第 1120/16100 个目标...
  训练第 1121/16100 个目标...
  训练第 1122/16100 个目标...
  训练第 1123/16100 个目标...
  训练第 1124/16100 个目标...
  训练第 1125/16100 个目标...
  训练第 1126/16100 个目标...
  训练第 1127/16100 个目标...
  训练第 1128/16100 个目标...
  训练第 1129/16100 个目标...
  训练第 1130/16100 个目标...
  训练第 1131/16100 个目标...
  训练第 1132/16100 个目标...
  训练第 1133/16100 个目标...
  训练第 1134/16100 个目标...
  训练第 1135/16100 个目标...
  训练第 1136/16100 个目标...
  训练第 1137/16100 个目标...
  训练第 1138/16100 个目标...
  训练第 1139/16100 个目标...
  训练第 1140/16100 个目标...
  训练第 1141/16100 个目标...
  训练第 1142/16100 个目标...
  训练第 1143/16100 个目标...
  训练第 1144/16100 个目标...
  训练第 1145/16100 个目标...
  训练第 1146/16100 个目标...
  训练第 1147/16100 个目标...
  训练第 1148/16100 个目标...
  训练第 1149/16100 个目标...
  训练第 1150/16100 个目标...
  训练第 1151/16100 个目标...
  训练第 1152/16100 个目标...
  训练第 1153/16100 个目标...
  训练第 1154/16100 个目标...
  训练第 1155/16100 个目标...
  训练第 1156/16100 个目标...
  训练第 1157/16100 个目标...
  训练第 1158/16100 个目标...
  训练第 1159/16100 个目标...
  训练第 1160/16100 个目标...
  训练第 1161/16100 个目标...
  训练第 1162/16100 个目标...
  训练第 1163/16100 个目标...
  训练第 1164/16100 个目标...
  训练第 1165/16100 个目标...
  训练第 1166/16100 个目标...
  训练第 1167/16100 个目标...
  训练第 1168/16100 个目标...
  训练第 1169/16100 个目标...
  训练第 1170/16100 个目标...
  训练第 1171/16100 个目标...
  训练第 1172/16100 个目标...
  训练第 1173/16100 个目标...
  训练第 1174/16100 个目标...
  训练第 1175/16100 个目标...
  训练第 1176/16100 个目标...
  训练第 1177/16100 个目标...
  训练第 1178/16100 个目标...
  训练第 1179/16100 个目标...
  训练第 1180/16100 个目标...
  训练第 1181/16100 个目标...
  训练第 1182/16100 个目标...
  训练第 1183/16100 个目标...
  训练第 1184/16100 个目标...
  训练第 1185/16100 个目标...
  训练第 1186/16100 个目标...
  训练第 1187/16100 个目标...
  训练第 1188/16100 个目标...
  训练第 1189/16100 个目标...
  训练第 1190/16100 个目标...
  训练第 1191/16100 个目标...
  训练第 1192/16100 个目标...
  训练第 1193/16100 个目标...
  训练第 1194/16100 个目标...
  训练第 1195/16100 个目标...
  训练第 1196/16100 个目标...
  训练第 1197/16100 个目标...
  训练第 1198/16100 个目标...
  训练第 1199/16100 个目标...
  训练第 1200/16100 个目标...
  训练第 1201/16100 个目标...
  训练第 1202/16100 个目标...
  训练第 1203/16100 个目标...
  训练第 1204/16100 个目标...
  训练第 1205/16100 个目标...
  训练第 1206/16100 个目标...
  训练第 1207/16100 个目标...
  训练第 1208/16100 个目标...
  训练第 1209/16100 个目标...
CUBLAS call='cublasCreate(&cublas_res)' at file=/home/x_kejli/.conda/envs/myenv/include/raft/core/resource/cublas_handle.hpp line=30 failed with CUBLAS_STATUS_ALLOC_FAILED
CUBLAS call='cublasSetStream(cublas_res, stream)' at file=/home/x_kejli/.conda/envs/myenv/include/raft/core/resource/cublas_handle.hpp line=31 failed with CUBLAS_STATUS_NOT_INITIALIZED
CUBLAS call='cublasDestroy(cublas_res)' at file=/home/x_kejli/.conda/envs/myenv/include/raft/core/resource/cublas_handle.hpp line=34 failed with CUBLAS_STATUS_NOT_INITIALIZED
